<?xml version="1.0" encoding="UTF-8"?>
<testng-results skipped="0" failed="2" ignored="0" total="22" passed="20">
  <reporter-output>
  </reporter-output>
  <suite name="org.example.Runner.Runner" duration-ms="1044353" started-at="2022-06-16T13:50:11 EET" finished-at="2022-06-16T14:07:35 EET">
    <groups>
      <group name="cucumber">
        <method signature="AbstractTestNGCucumberTests.runScenario(io.cucumber.testng.PickleWrapper,io.cucumber.testng.FeatureWrapper)[pri:0, instance:org.example.Runner.Runner@8646db9]" name="runScenario" class="io.cucumber.testng.AbstractTestNGCucumberTests"/>
      </group> <!-- cucumber -->
    </groups>
    <test name="Command line test" duration-ms="1044353" started-at="2022-06-16T13:50:11 EET" finished-at="2022-06-16T14:07:35 EET">
      <class name="org.example.Runner.Runner">
        <test-method status="PASS" signature="setUpClass(org.testng.ITestContext)[pri:0, instance:org.example.Runner.Runner@8646db9]" name="setUpClass" is-config="true" duration-ms="7258" started-at="2022-06-16T13:50:11 EET" finished-at="2022-06-16T13:50:18 EET">
          <params>
            <param index="0">
              <value>
                <![CDATA[org.testng.TestRunner@70efdd18]]>
              </value>
            </param>
          </params>
          <reporter-output>
          </reporter-output>
        </test-method> <!-- setUpClass -->
        <test-method status="PASS" signature="runScenario(io.cucumber.testng.PickleWrapper,io.cucumber.testng.FeatureWrapper)[pri:0, instance:org.example.Runner.Runner@8646db9]" name="runScenario" duration-ms="97992" started-at="2022-06-16T13:50:18 EET" description="Runs Cucumber Scenarios" data-provider="scenarios" finished-at="2022-06-16T13:51:56 EET">
          <params>
            <param index="0">
              <value>
                <![CDATA["user could register entering valid data"]]>
              </value>
            </param>
            <param index="1">
              <value>
                <![CDATA["Optional[Registeration|| user could register to the site]"]]>
              </value>
            </param>
          </params>
          <reporter-output>
          </reporter-output>
        </test-method> <!-- runScenario -->
        <test-method status="PASS" signature="runScenario(io.cucumber.testng.PickleWrapper,io.cucumber.testng.FeatureWrapper)[pri:0, instance:org.example.Runner.Runner@8646db9]" name="runScenario" duration-ms="37542" started-at="2022-06-16T13:51:56 EET" description="Runs Cucumber Scenarios" data-provider="scenarios" finished-at="2022-06-16T13:52:34 EET">
          <params>
            <param index="0">
              <value>
                <![CDATA["user could login with valid data"]]>
              </value>
            </param>
            <param index="1">
              <value>
                <![CDATA["Optional[Login|| user could login to the site]"]]>
              </value>
            </param>
          </params>
          <reporter-output>
          </reporter-output>
        </test-method> <!-- runScenario -->
        <test-method status="PASS" signature="runScenario(io.cucumber.testng.PickleWrapper,io.cucumber.testng.FeatureWrapper)[pri:0, instance:org.example.Runner.Runner@8646db9]" name="runScenario" duration-ms="23236" started-at="2022-06-16T13:52:34 EET" description="Runs Cucumber Scenarios" data-provider="scenarios" finished-at="2022-06-16T13:52:57 EET">
          <params>
            <param index="0">
              <value>
                <![CDATA["user could login with invalid data"]]>
              </value>
            </param>
            <param index="1">
              <value>
                <![CDATA["Optional[Login|| user could login to the site]"]]>
              </value>
            </param>
          </params>
          <reporter-output>
          </reporter-output>
        </test-method> <!-- runScenario -->
        <test-method status="PASS" signature="runScenario(io.cucumber.testng.PickleWrapper,io.cucumber.testng.FeatureWrapper)[pri:0, instance:org.example.Runner.Runner@8646db9]" name="runScenario" duration-ms="28377" started-at="2022-06-16T13:52:57 EET" description="Runs Cucumber Scenarios" data-provider="scenarios" finished-at="2022-06-16T13:53:25 EET">
          <params>
            <param index="0">
              <value>
                <![CDATA["user could reset his password"]]>
              </value>
            </param>
            <param index="1">
              <value>
                <![CDATA["Optional[Forgot Password|| User could reset his password]"]]>
              </value>
            </param>
          </params>
          <reporter-output>
          </reporter-output>
        </test-method> <!-- runScenario -->
        <test-method status="PASS" signature="runScenario(io.cucumber.testng.PickleWrapper,io.cucumber.testng.FeatureWrapper)[pri:0, instance:org.example.Runner.Runner@8646db9]" name="runScenario" duration-ms="34919" started-at="2022-06-16T13:53:25 EET" description="Runs Cucumber Scenarios" data-provider="scenarios" finished-at="2022-06-16T13:54:00 EET">
          <params>
            <param index="0">
              <value>
                <![CDATA["Logged user could search products"]]>
              </value>
            </param>
            <param index="1">
              <value>
                <![CDATA["Optional[Search|| User could search of products]"]]>
              </value>
            </param>
          </params>
          <reporter-output>
          </reporter-output>
        </test-method> <!-- runScenario -->
        <test-method status="PASS" signature="runScenario(io.cucumber.testng.PickleWrapper,io.cucumber.testng.FeatureWrapper)[pri:0, instance:org.example.Runner.Runner@8646db9]" name="runScenario" duration-ms="33052" started-at="2022-06-16T13:54:00 EET" description="Runs Cucumber Scenarios" data-provider="scenarios" finished-at="2022-06-16T13:54:33 EET">
          <params>
            <param index="0">
              <value>
                <![CDATA["Logged user could search products"]]>
              </value>
            </param>
            <param index="1">
              <value>
                <![CDATA["Optional[Search|| User could search of products]"]]>
              </value>
            </param>
          </params>
          <reporter-output>
          </reporter-output>
        </test-method> <!-- runScenario -->
        <test-method status="PASS" signature="runScenario(io.cucumber.testng.PickleWrapper,io.cucumber.testng.FeatureWrapper)[pri:0, instance:org.example.Runner.Runner@8646db9]" name="runScenario" duration-ms="35053" started-at="2022-06-16T13:54:33 EET" description="Runs Cucumber Scenarios" data-provider="scenarios" finished-at="2022-06-16T13:55:08 EET">
          <params>
            <param index="0">
              <value>
                <![CDATA["Logged user could search products"]]>
              </value>
            </param>
            <param index="1">
              <value>
                <![CDATA["Optional[Search|| User could search of products]"]]>
              </value>
            </param>
          </params>
          <reporter-output>
          </reporter-output>
        </test-method> <!-- runScenario -->
        <test-method status="PASS" signature="runScenario(io.cucumber.testng.PickleWrapper,io.cucumber.testng.FeatureWrapper)[pri:0, instance:org.example.Runner.Runner@8646db9]" name="runScenario" duration-ms="43795" started-at="2022-06-16T13:55:08 EET" description="Runs Cucumber Scenarios" data-provider="scenarios" finished-at="2022-06-16T13:55:52 EET">
          <params>
            <param index="0">
              <value>
                <![CDATA["Logged user could search products"]]>
              </value>
            </param>
            <param index="1">
              <value>
                <![CDATA["Optional[Search|| User could search of products]"]]>
              </value>
            </param>
          </params>
          <reporter-output>
          </reporter-output>
        </test-method> <!-- runScenario -->
        <test-method status="PASS" signature="runScenario(io.cucumber.testng.PickleWrapper,io.cucumber.testng.FeatureWrapper)[pri:0, instance:org.example.Runner.Runner@8646db9]" name="runScenario" duration-ms="54829" started-at="2022-06-16T13:55:52 EET" description="Runs Cucumber Scenarios" data-provider="scenarios" finished-at="2022-06-16T13:56:47 EET">
          <params>
            <param index="0">
              <value>
                <![CDATA["Logged user could search products"]]>
              </value>
            </param>
            <param index="1">
              <value>
                <![CDATA["Optional[Search|| User could search of products]"]]>
              </value>
            </param>
          </params>
          <reporter-output>
          </reporter-output>
        </test-method> <!-- runScenario -->
        <test-method status="PASS" signature="runScenario(io.cucumber.testng.PickleWrapper,io.cucumber.testng.FeatureWrapper)[pri:0, instance:org.example.Runner.Runner@8646db9]" name="runScenario" duration-ms="45284" started-at="2022-06-16T13:56:47 EET" description="Runs Cucumber Scenarios" data-provider="scenarios" finished-at="2022-06-16T13:57:32 EET">
          <params>
            <param index="0">
              <value>
                <![CDATA["Logged user could search products"]]>
              </value>
            </param>
            <param index="1">
              <value>
                <![CDATA["Optional[Search|| User could search of products]"]]>
              </value>
            </param>
          </params>
          <reporter-output>
          </reporter-output>
        </test-method> <!-- runScenario -->
        <test-method status="PASS" signature="runScenario(io.cucumber.testng.PickleWrapper,io.cucumber.testng.FeatureWrapper)[pri:0, instance:org.example.Runner.Runner@8646db9]" name="runScenario" duration-ms="51960" started-at="2022-06-16T13:57:32 EET" description="Runs Cucumber Scenarios" data-provider="scenarios" finished-at="2022-06-16T13:58:24 EET">
          <params>
            <param index="0">
              <value>
                <![CDATA["Logged user could search products"]]>
              </value>
            </param>
            <param index="1">
              <value>
                <![CDATA["Optional[Search|| User could search of products]"]]>
              </value>
            </param>
          </params>
          <reporter-output>
          </reporter-output>
        </test-method> <!-- runScenario -->
        <test-method status="PASS" signature="runScenario(io.cucumber.testng.PickleWrapper,io.cucumber.testng.FeatureWrapper)[pri:0, instance:org.example.Runner.Runner@8646db9]" name="runScenario" duration-ms="48166" started-at="2022-06-16T13:58:24 EET" description="Runs Cucumber Scenarios" data-provider="scenarios" finished-at="2022-06-16T13:59:12 EET">
          <params>
            <param index="0">
              <value>
                <![CDATA["logged user could switch between currencies"]]>
              </value>
            </param>
            <param index="1">
              <value>
                <![CDATA["Optional[Switch Currency|| user could switch between currencies]"]]>
              </value>
            </param>
          </params>
          <reporter-output>
          </reporter-output>
        </test-method> <!-- runScenario -->
        <test-method status="PASS" signature="runScenario(io.cucumber.testng.PickleWrapper,io.cucumber.testng.FeatureWrapper)[pri:0, instance:org.example.Runner.Runner@8646db9]" name="runScenario" duration-ms="58840" started-at="2022-06-16T13:59:12 EET" description="Runs Cucumber Scenarios" data-provider="scenarios" finished-at="2022-06-16T14:00:11 EET">
          <params>
            <param index="0">
              <value>
                <![CDATA["user could choose different categories"]]>
              </value>
            </param>
            <param index="1">
              <value>
                <![CDATA["Optional[Choosing Categories|| User could choose different categories]"]]>
              </value>
            </param>
          </params>
          <reporter-output>
          </reporter-output>
        </test-method> <!-- runScenario -->
        <test-method status="PASS" signature="runScenario(io.cucumber.testng.PickleWrapper,io.cucumber.testng.FeatureWrapper)[pri:0, instance:org.example.Runner.Runner@8646db9]" name="runScenario" duration-ms="42861" started-at="2022-06-16T14:00:11 EET" description="Runs Cucumber Scenarios" data-provider="scenarios" finished-at="2022-06-16T14:00:54 EET">
          <params>
            <param index="0">
              <value>
                <![CDATA["user could filter with color"]]>
              </value>
            </param>
            <param index="1">
              <value>
                <![CDATA["Optional[Filter with Color|| User could filter with color]"]]>
              </value>
            </param>
          </params>
          <reporter-output>
          </reporter-output>
        </test-method> <!-- runScenario -->
        <test-method status="PASS" signature="runScenario(io.cucumber.testng.PickleWrapper,io.cucumber.testng.FeatureWrapper)[pri:0, instance:org.example.Runner.Runner@8646db9]" name="runScenario" duration-ms="56132" started-at="2022-06-16T14:00:54 EET" description="Runs Cucumber Scenarios" data-provider="scenarios" finished-at="2022-06-16T14:01:50 EET">
          <params>
            <param index="0">
              <value>
                <![CDATA["user could select different tags on the site"]]>
              </value>
            </param>
            <param index="1">
              <value>
                <![CDATA["Optional[Different Tags|| user could select different tags]"]]>
              </value>
            </param>
          </params>
          <reporter-output>
          </reporter-output>
        </test-method> <!-- runScenario -->
        <test-method status="PASS" signature="runScenario(io.cucumber.testng.PickleWrapper,io.cucumber.testng.FeatureWrapper)[pri:0, instance:org.example.Runner.Runner@8646db9]" name="runScenario" duration-ms="54423" started-at="2022-06-16T14:01:50 EET" description="Runs Cucumber Scenarios" data-provider="scenarios" finished-at="2022-06-16T14:02:45 EET">
          <params>
            <param index="0">
              <value>
                <![CDATA["user could add products to the Cart"]]>
              </value>
            </param>
            <param index="1">
              <value>
                <![CDATA["Optional[Cart || user could add products to Shopping Cart]"]]>
              </value>
            </param>
          </params>
          <reporter-output>
          </reporter-output>
        </test-method> <!-- runScenario -->
        <test-method status="PASS" signature="runScenario(io.cucumber.testng.PickleWrapper,io.cucumber.testng.FeatureWrapper)[pri:0, instance:org.example.Runner.Runner@8646db9]" name="runScenario" duration-ms="66581" started-at="2022-06-16T14:02:45 EET" description="Runs Cucumber Scenarios" data-provider="scenarios" finished-at="2022-06-16T14:03:51 EET">
          <params>
            <param index="0">
              <value>
                <![CDATA["user could add products to wishlist"]]>
              </value>
            </param>
            <param index="1">
              <value>
                <![CDATA["Optional[WishList|| user could add products to the wishlist]"]]>
              </value>
            </param>
          </params>
          <reporter-output>
          </reporter-output>
        </test-method> <!-- runScenario -->
        <test-method status="FAIL" signature="runScenario(io.cucumber.testng.PickleWrapper,io.cucumber.testng.FeatureWrapper)[pri:0, instance:org.example.Runner.Runner@8646db9]" name="runScenario" duration-ms="43618" started-at="2022-06-16T14:03:51 EET" description="Runs Cucumber Scenarios" data-provider="scenarios" finished-at="2022-06-16T14:04:35 EET">
          <params>
            <param index="0">
              <value>
                <![CDATA["user could click on page sliders"]]>
              </value>
            </param>
            <param index="1">
              <value>
                <![CDATA["Optional[Slider|| user could click on page sliders]"]]>
              </value>
            </param>
          </params>
          <exception class="java.lang.AssertionError">
            <message>
              <![CDATA[Error in product link expected [true] but found [false]]]>
            </message>
            <full-stacktrace>
              <![CDATA[java.lang.AssertionError: Error in product link expected [true] but found [false]
at org.testng.Assert.fail(Assert.java:110)
at org.testng.Assert.failNotEquals(Assert.java:1413)
at org.testng.Assert.assertTrue(Assert.java:56)
at org.example.StepDefinition.D11_SliderStepDef.navigated_slider_product_one(D11_SliderStepDef.java:22)
at ✽.should navigated to the slider_product_one page(file:///C:/Users/Mohamed/IdeaProjects/demoNopcommerceProject/src/main/resources/features/F11_Slider.feature:13)
]]>
            </full-stacktrace>
          </exception> <!-- java.lang.AssertionError -->
          <reporter-output>
          </reporter-output>
        </test-method> <!-- runScenario -->
        <test-method status="PASS" signature="runScenario(io.cucumber.testng.PickleWrapper,io.cucumber.testng.FeatureWrapper)[pri:0, instance:org.example.Runner.Runner@8646db9]" name="runScenario" duration-ms="37552" started-at="2022-06-16T14:04:35 EET" description="Runs Cucumber Scenarios" data-provider="scenarios" finished-at="2022-06-16T14:05:12 EET">
          <params>
            <param index="0">
              <value>
                <![CDATA["User Follow Facebook"]]>
              </value>
            </param>
            <param index="1">
              <value>
                <![CDATA["Optional[Follow Us|| user could follow site social accounts]"]]>
              </value>
            </param>
          </params>
          <reporter-output>
          </reporter-output>
        </test-method> <!-- runScenario -->
        <test-method status="PASS" signature="runScenario(io.cucumber.testng.PickleWrapper,io.cucumber.testng.FeatureWrapper)[pri:0, instance:org.example.Runner.Runner@8646db9]" name="runScenario" duration-ms="36273" started-at="2022-06-16T14:05:12 EET" description="Runs Cucumber Scenarios" data-provider="scenarios" finished-at="2022-06-16T14:05:49 EET">
          <params>
            <param index="0">
              <value>
                <![CDATA["User Follow Twitter"]]>
              </value>
            </param>
            <param index="1">
              <value>
                <![CDATA["Optional[Follow Us|| user could follow site social accounts]"]]>
              </value>
            </param>
          </params>
          <reporter-output>
          </reporter-output>
        </test-method> <!-- runScenario -->
        <test-method status="FAIL" signature="runScenario(io.cucumber.testng.PickleWrapper,io.cucumber.testng.FeatureWrapper)[pri:0, instance:org.example.Runner.Runner@8646db9]" name="runScenario" duration-ms="34238" started-at="2022-06-16T14:05:49 EET" description="Runs Cucumber Scenarios" data-provider="scenarios" finished-at="2022-06-16T14:06:23 EET">
          <params>
            <param index="0">
              <value>
                <![CDATA["User Follow rss"]]>
              </value>
            </param>
            <param index="1">
              <value>
                <![CDATA["Optional[Follow Us|| user could follow site social accounts]"]]>
              </value>
            </param>
          </params>
          <exception class="java.lang.IndexOutOfBoundsException">
            <message>
              <![CDATA[Index: 1, Size: 1]]>
            </message>
            <full-stacktrace>
              <![CDATA[java.lang.IndexOutOfBoundsException: Index: 1, Size: 1
at java.util.ArrayList.rangeCheck(ArrayList.java:659)
at java.util.ArrayList.get(ArrayList.java:435)
at org.example.StepDefinition.D12_FollowUsStepDef.click_rss(D12_FollowUsStepDef.java:54)
at ✽.user click on rss(file:///C:/Users/Mohamed/IdeaProjects/demoNopcommerceProject/src/main/resources/features/F12_FollowUs.feature:20)
]]>
            </full-stacktrace>
          </exception> <!-- java.lang.IndexOutOfBoundsException -->
          <reporter-output>
          </reporter-output>
        </test-method> <!-- runScenario -->
        <test-method status="PASS" signature="runScenario(io.cucumber.testng.PickleWrapper,io.cucumber.testng.FeatureWrapper)[pri:0, instance:org.example.Runner.Runner@8646db9]" name="runScenario" duration-ms="68040" started-at="2022-06-16T14:06:23 EET" description="Runs Cucumber Scenarios" data-provider="scenarios" finished-at="2022-06-16T14:07:31 EET">
          <params>
            <param index="0">
              <value>
                <![CDATA["User Follow youtube"]]>
              </value>
            </param>
            <param index="1">
              <value>
                <![CDATA["Optional[Follow Us|| user could follow site social accounts]"]]>
              </value>
            </param>
          </params>
          <reporter-output>
          </reporter-output>
        </test-method> <!-- runScenario -->
        <test-method status="PASS" signature="tearDownClass()[pri:0, instance:org.example.Runner.Runner@8646db9]" name="tearDownClass" is-config="true" duration-ms="3990" started-at="2022-06-16T14:07:31 EET" finished-at="2022-06-16T14:07:35 EET">
          <reporter-output>
          </reporter-output>
        </test-method> <!-- tearDownClass -->
      </class> <!-- org.example.Runner.Runner -->
    </test> <!-- Command line test -->
  </suite> <!-- org.example.Runner.Runner -->
</testng-results>
