<?xml version="1.0" encoding="UTF-8" ?>
<testsuite tests="22" failures="2" name="org.example.Runner.Runner" time="1,032.723" errors="0" skipped="0">
  <properties>
[...]
</properties>
  <testcase classname="org.example.Runner.Runner" name="runScenario" time="98.002"/>
  <testcase classname="org.example.Runner.Runner" name="runScenario" time="37.528"/>
  <testcase classname="org.example.Runner.Runner" name="runScenario" time="23.235"/>
  <testcase classname="org.example.Runner.Runner" name="runScenario" time="28.377"/>
  <testcase classname="org.example.Runner.Runner" name="runScenario" time="34.919"/>
  <testcase classname="org.example.Runner.Runner" name="runScenario" time="33.052"/>
  <testcase classname="org.example.Runner.Runner" name="runScenario" time="35.053"/>
  <testcase classname="org.example.Runner.Runner" name="runScenario" time="43.795"/>
  <testcase classname="org.example.Runner.Runner" name="runScenario" time="54.827"/>
  <testcase classname="org.example.Runner.Runner" name="runScenario" time="45.284"/>
  <testcase classname="org.example.Runner.Runner" name="runScenario" time="51.96"/>
  <testcase classname="org.example.Runner.Runner" name="runScenario" time="48.166"/>
  <testcase classname="org.example.Runner.Runner" name="runScenario" time="58.84"/>
  <testcase classname="org.example.Runner.Runner" name="runScenario" time="42.846"/>
  <testcase classname="org.example.Runner.Runner" name="runScenario" time="56.132"/>
  <testcase classname="org.example.Runner.Runner" name="runScenario" time="54.423"/>
  <testcase classname="org.example.Runner.Runner" name="runScenario" time="66.574"/>
  <testcase classname="org.example.Runner.Runner" name="runScenario" time="43.602">
    <failure message="Error in product link expected [true] but found [false]" type="java.lang.AssertionError">java.lang.AssertionError: Error in product link expected [true] but found [false]
	at org.testng.Assert.fail(Assert.java:110)
	at org.testng.Assert.failNotEquals(Assert.java:1413)
	at org.testng.Assert.assertTrue(Assert.java:56)
	at org.example.StepDefinition.D11_SliderStepDef.navigated_slider_product_one(D11_SliderStepDef.java:22)
	at ✽.should navigated to the slider_product_one page(file:///C:/Users/Mohamed/IdeaProjects/demoNopcommerceProject/src/main/resources/features/F11_Slider.feature:13)
</failure>
    <system-out>
@Runner
Scenario: user could click on page sliders                        &amp;#27;[90m# src/main/resources/features/F11_Slider.feature:11&amp;#27;[0m
  &amp;#27;[32mGiven &amp;#27;[0m&amp;#27;[32muser navigate to Home page&amp;#27;[0m                                &amp;#27;[90m# org.example.StepDefinition.D02_LoginStepDef.user_navigate_to_Home_page()&amp;#27;[0m
  &amp;#27;[32mAnd &amp;#27;[0m&amp;#27;[32muser click on login&amp;#27;[0m                                         &amp;#27;[90m# org.example.StepDefinition.D02_LoginStepDef.user_click_on_login()&amp;#27;[0m
  &amp;#27;[32mWhen &amp;#27;[0m&amp;#27;[32muser enter valid &quot;&amp;#27;[0m&amp;#27;[32m&amp;#27;[1mtest133@gmail.com&amp;#27;[0m&amp;#27;[32m&quot; and valid &quot;&amp;#27;[0m&amp;#27;[32m&amp;#27;[1mQwert6613&amp;#27;[0m&amp;#27;[32m&quot;&amp;#27;[0m &amp;#27;[90m# org.example.StepDefinition.D02_LoginStepDef.user_enter_valid_email(java.lang.String,java.lang.String)&amp;#27;[0m
  &amp;#27;[32mAnd &amp;#27;[0m&amp;#27;[32muser clicks login button&amp;#27;[0m                                    &amp;#27;[90m# org.example.StepDefinition.D02_LoginStepDef.user_clicks_login_button()&amp;#27;[0m
  &amp;#27;[32mThen &amp;#27;[0m&amp;#27;[32muser logged in successfully&amp;#27;[0m                                &amp;#27;[90m# org.example.StepDefinition.D02_LoginStepDef.user_logged_in_successfully()&amp;#27;[0m
  &amp;#27;[32mWhen &amp;#27;[0m&amp;#27;[32muser click on buton_one and click on slider_one&amp;#27;[0m            &amp;#27;[90m# org.example.StepDefinition.D11_SliderStepDef.click_slider_one()&amp;#27;[0m
  &amp;#27;[31mAnd &amp;#27;[0m&amp;#27;[31mshould navigated to the slider_product_one page&amp;#27;[0m             &amp;#27;[90m# org.example.StepDefinition.D11_SliderStepDef.navigated_slider_product_one()&amp;#27;[0m
      &amp;#27;[31mjava.lang.AssertionError: Error in product link expected [true] but found [false]
	at org.testng.Assert.fail(Assert.java:110)
	at org.testng.Assert.failNotEquals(Assert.java:1413)
	at org.testng.Assert.assertTrue(Assert.java:56)
	at org.example.StepDefinition.D11_SliderStepDef.navigated_slider_product_one(D11_SliderStepDef.java:22)
	at ✽.should navigated to the slider_product_one page(file:///C:/Users/Mohamed/IdeaProjects/demoNopcommerceProject/src/main/resources/features/F11_Slider.feature:13)
&amp;#27;[0m
  &amp;#27;[36mWhen &amp;#27;[0m&amp;#27;[36muser click on buton_two and click on slider_two&amp;#27;[0m            &amp;#27;[90m# org.example.StepDefinition.D11_SliderStepDef.click_slider_two()&amp;#27;[0m
  &amp;#27;[36mAnd &amp;#27;[0m&amp;#27;[36mshould navigated to the slider_product_two page&amp;#27;[0m             &amp;#27;[90m# org.example.StepDefinition.D11_SliderStepDef.navigated_slider_product_two()&amp;#27;[0m
</system-out>
    <system-err>[main] INFO io.github.bonigarcia.wdm.WebDriverManager - Using chromedriver 102.0.5005.61 (resolved driver for Chrome 102)
[main] INFO io.github.bonigarcia.wdm.WebDriverManager - Exporting webdriver.chrome.driver as C:\Users\Mohamed\.cache\selenium\chromedriver\win32\102.0.5005.61\chromedriver.exe
Starting ChromeDriver 102.0.5005.61 (0e59bcc00cc4985ce39ad31c150065f159d95ad3-refs/branch-heads/5005@{#819}) on port 62130
Only local connections are allowed.
Please see https://chromedriver.chromium.org/security-considerations for suggestions on keeping ChromeDriver safe.
ChromeDriver was started successfully.
Jun 16, 2022 2:04:02 PM org.openqa.selenium.remote.ProtocolHandshake createSession
INFO: Detected dialect: W3C
Jun 16, 2022 2:04:02 PM org.openqa.selenium.devtools.CdpVersionFinder findNearestMatch
INFO: Found exact CDP implementation for version 102
</system-err>
  </testcase>
  <testcase classname="org.example.Runner.Runner" name="runScenario" time="37.552"/>
  <testcase classname="org.example.Runner.Runner" name="runScenario" time="36.278"/>
  <testcase classname="org.example.Runner.Runner" name="runScenario" time="34.238">
    <failure message="Index: 1, Size: 1" type="java.lang.IndexOutOfBoundsException">java.lang.IndexOutOfBoundsException: Index: 1, Size: 1
	at java.util.ArrayList.rangeCheck(ArrayList.java:659)
	at java.util.ArrayList.get(ArrayList.java:435)
	at org.example.StepDefinition.D12_FollowUsStepDef.click_rss(D12_FollowUsStepDef.java:54)
	at ✽.user click on rss(file:///C:/Users/Mohamed/IdeaProjects/demoNopcommerceProject/src/main/resources/features/F12_FollowUs.feature:20)
</failure>
    <system-out>
@Runner
Scenario: User Follow rss                                                      &amp;#27;[90m# src/main/resources/features/F12_FollowUs.feature:19&amp;#27;[0m
  &amp;#27;[32mGiven &amp;#27;[0m&amp;#27;[32muser navigate to Home page&amp;#27;[0m                                             &amp;#27;[90m# org.example.StepDefinition.D02_LoginStepDef.user_navigate_to_Home_page()&amp;#27;[0m
  &amp;#27;[32mAnd &amp;#27;[0m&amp;#27;[32muser click on login&amp;#27;[0m                                                      &amp;#27;[90m# org.example.StepDefinition.D02_LoginStepDef.user_click_on_login()&amp;#27;[0m
  &amp;#27;[32mWhen &amp;#27;[0m&amp;#27;[32muser enter valid &quot;&amp;#27;[0m&amp;#27;[32m&amp;#27;[1mtest133@gmail.com&amp;#27;[0m&amp;#27;[32m&quot; and valid &quot;&amp;#27;[0m&amp;#27;[32m&amp;#27;[1mQwert6613&amp;#27;[0m&amp;#27;[32m&quot;&amp;#27;[0m              &amp;#27;[90m# org.example.StepDefinition.D02_LoginStepDef.user_enter_valid_email(java.lang.String,java.lang.String)&amp;#27;[0m
  &amp;#27;[32mAnd &amp;#27;[0m&amp;#27;[32muser clicks login button&amp;#27;[0m                                                 &amp;#27;[90m# org.example.StepDefinition.D02_LoginStepDef.user_clicks_login_button()&amp;#27;[0m
  &amp;#27;[32mThen &amp;#27;[0m&amp;#27;[32muser logged in successfully&amp;#27;[0m                                             &amp;#27;[90m# org.example.StepDefinition.D02_LoginStepDef.user_logged_in_successfully()&amp;#27;[0m
  &amp;#27;[31mWhen &amp;#27;[0m&amp;#27;[31muser click on rss&amp;#27;[0m                                                       &amp;#27;[90m# org.example.StepDefinition.D12_FollowUsStepDef.click_rss()&amp;#27;[0m
      &amp;#27;[31mjava.lang.IndexOutOfBoundsException: Index: 1, Size: 1
	at java.util.ArrayList.rangeCheck(ArrayList.java:659)
	at java.util.ArrayList.get(ArrayList.java:435)
	at org.example.StepDefinition.D12_FollowUsStepDef.click_rss(D12_FollowUsStepDef.java:54)
	at ✽.user click on rss(file:///C:/Users/Mohamed/IdeaProjects/demoNopcommerceProject/src/main/resources/features/F12_FollowUs.feature:20)
&amp;#27;[0m
  &amp;#27;[36mThen &amp;#27;[0m&amp;#27;[36mnavigated to rss &quot;&amp;#27;[0m&amp;#27;[36m&amp;#27;[1mhttps://demo.nopcommerce.com/nopcommerce-new-release&amp;#27;[0m&amp;#27;[36m&quot;&amp;#27;[0m &amp;#27;[90m# org.example.StepDefinition.D12_FollowUsStepDef.navigate_rss(java.lang.String)&amp;#27;[0m
</system-out>
    <system-err>[main] INFO io.github.bonigarcia.wdm.WebDriverManager - Using chromedriver 102.0.5005.61 (resolved driver for Chrome 102)
[main] INFO io.github.bonigarcia.wdm.WebDriverManager - Exporting webdriver.chrome.driver as C:\Users\Mohamed\.cache\selenium\chromedriver\win32\102.0.5005.61\chromedriver.exe
Starting ChromeDriver 102.0.5005.61 (0e59bcc00cc4985ce39ad31c150065f159d95ad3-refs/branch-heads/5005@{#819}) on port 55509
Only local connections are allowed.
Please see https://chromedriver.chromium.org/security-considerations for suggestions on keeping ChromeDriver safe.
ChromeDriver was started successfully.
Jun 16, 2022 2:05:55 PM org.openqa.selenium.remote.ProtocolHandshake createSession
INFO: Detected dialect: W3C
Jun 16, 2022 2:05:55 PM org.openqa.selenium.devtools.CdpVersionFinder findNearestMatch
INFO: Found exact CDP implementation for version 102
</system-err>
  </testcase>
  <testcase classname="org.example.Runner.Runner" name="runScenario" time="68.04"/>
</testsuite>