<?xml version="1.0" encoding="UTF-8"?>
<!-- Generated by org.testng.reporters.JUnitXMLReporter -->
<testsuite hostname="NaYeL" ignored="0" name="Command line test" tests="22" failures="2" timestamp="2022-06-16T14:07:35 EET" time="1044.353" errors="0">
  <testcase name="runScenario" time="97.992" classname="io.cucumber.testng.AbstractTestNGCucumberTests"/>
  <testcase name="runScenario" time="37.542" classname="io.cucumber.testng.AbstractTestNGCucumberTests"/>
  <testcase name="runScenario" time="23.236" classname="io.cucumber.testng.AbstractTestNGCucumberTests"/>
  <testcase name="runScenario" time="28.377" classname="io.cucumber.testng.AbstractTestNGCucumberTests"/>
  <testcase name="runScenario" time="34.919" classname="io.cucumber.testng.AbstractTestNGCucumberTests"/>
  <testcase name="runScenario" time="33.052" classname="io.cucumber.testng.AbstractTestNGCucumberTests"/>
  <testcase name="runScenario" time="35.053" classname="io.cucumber.testng.AbstractTestNGCucumberTests"/>
  <testcase name="runScenario" time="43.795" classname="io.cucumber.testng.AbstractTestNGCucumberTests"/>
  <testcase name="runScenario" time="54.829" classname="io.cucumber.testng.AbstractTestNGCucumberTests"/>
  <testcase name="runScenario" time="45.284" classname="io.cucumber.testng.AbstractTestNGCucumberTests"/>
  <testcase name="runScenario" time="51.96" classname="io.cucumber.testng.AbstractTestNGCucumberTests"/>
  <testcase name="runScenario" time="48.166" classname="io.cucumber.testng.AbstractTestNGCucumberTests"/>
  <testcase name="runScenario" time="58.84" classname="io.cucumber.testng.AbstractTestNGCucumberTests"/>
  <testcase name="runScenario" time="42.861" classname="io.cucumber.testng.AbstractTestNGCucumberTests"/>
  <testcase name="runScenario" time="56.132" classname="io.cucumber.testng.AbstractTestNGCucumberTests"/>
  <testcase name="runScenario" time="54.423" classname="io.cucumber.testng.AbstractTestNGCucumberTests"/>
  <testcase name="runScenario" time="66.581" classname="io.cucumber.testng.AbstractTestNGCucumberTests"/>
  <testcase name="runScenario" time="43.618" classname="io.cucumber.testng.AbstractTestNGCucumberTests">
    <failure type="java.lang.AssertionError" message="Error in product link expected [true] but found [false]">
      <![CDATA[java.lang.AssertionError: Error in product link expected [true] but found [false]
at org.example.StepDefinition.D11_SliderStepDef.navigated_slider_product_one(D11_SliderStepDef.java:22)
at ✽.should navigated to the slider_product_one page(file:///C:/Users/Mohamed/IdeaProjects/demoNopcommerceProject/src/main/resources/features/F11_Slider.feature:13)
... Removed 3 stack frames]]>
    </failure>
  </testcase> <!-- runScenario -->
  <testcase name="runScenario" time="37.552" classname="io.cucumber.testng.AbstractTestNGCucumberTests"/>
  <testcase name="runScenario" time="36.273" classname="io.cucumber.testng.AbstractTestNGCucumberTests"/>
  <testcase name="runScenario" time="34.238" classname="io.cucumber.testng.AbstractTestNGCucumberTests">
    <failure type="java.lang.IndexOutOfBoundsException" message="Index: 1, Size: 1">
      <![CDATA[java.lang.IndexOutOfBoundsException: Index: 1, Size: 1
at java.util.ArrayList.rangeCheck(ArrayList.java:659)
at java.util.ArrayList.get(ArrayList.java:435)
at org.example.StepDefinition.D12_FollowUsStepDef.click_rss(D12_FollowUsStepDef.java:54)
at ✽.user click on rss(file:///C:/Users/Mohamed/IdeaProjects/demoNopcommerceProject/src/main/resources/features/F12_FollowUs.feature:20)
]]>
    </failure>
  </testcase> <!-- runScenario -->
  <testcase name="runScenario" time="68.04" classname="io.cucumber.testng.AbstractTestNGCucumberTests"/>
</testsuite> <!-- Command line test -->
